Started GET "/" for 127.0.0.1 at 2023-03-13 14:04:06 +0100
  
ActiveRecord::NoDatabaseError (We could not find your database: portfolio_development. Which can be found in the database configuration file located at config/database.yml.

To resolve this issue:

- Did you create the database for this app, or delete it? You may need to create your database.
- Has the database name changed? Check your database.yml config has the correct database name.

To create your database, run:

        bin/rails db:create
):
  
activerecord (7.0.4) lib/active_record/connection_adapters/postgresql_adapter.rb:81:in `rescue in new_client'
activerecord (7.0.4) lib/active_record/connection_adapters/postgresql_adapter.rb:77:in `new_client'
activerecord (7.0.4) lib/active_record/connection_adapters/postgresql_adapter.rb:37:in `postgresql_connection'
activerecord (7.0.4) lib/active_record/connection_adapters/abstract/connection_pool.rb:656:in `public_send'
activerecord (7.0.4) lib/active_record/connection_adapters/abstract/connection_pool.rb:656:in `new_connection'
activerecord (7.0.4) lib/active_record/connection_adapters/abstract/connection_pool.rb:700:in `checkout_new_connection'
activerecord (7.0.4) lib/active_record/connection_adapters/abstract/connection_pool.rb:679:in `try_to_checkout_new_connection'
activerecord (7.0.4) lib/active_record/connection_adapters/abstract/connection_pool.rb:640:in `acquire_connection'
activerecord (7.0.4) lib/active_record/connection_adapters/abstract/connection_pool.rb:341:in `checkout'
activerecord (7.0.4) lib/active_record/connection_adapters/abstract/connection_pool.rb:181:in `connection'
activerecord (7.0.4) lib/active_record/connection_adapters/abstract/connection_handler.rb:211:in `retrieve_connection'
activerecord (7.0.4) lib/active_record/connection_handling.rb:313:in `retrieve_connection'
activerecord (7.0.4) lib/active_record/connection_handling.rb:280:in `connection'
activerecord (7.0.4) lib/active_record/migration.rb:613:in `connection'
activerecord (7.0.4) lib/active_record/migration.rb:608:in `build_watcher'
activerecord (7.0.4) lib/active_record/migration.rb:590:in `block in call'
activerecord (7.0.4) lib/active_record/migration.rb:589:in `synchronize'
activerecord (7.0.4) lib/active_record/migration.rb:589:in `call'
actionpack (7.0.4) lib/action_dispatch/middleware/callbacks.rb:27:in `block in call'
activesupport (7.0.4) lib/active_support/callbacks.rb:99:in `run_callbacks'
actionpack (7.0.4) lib/action_dispatch/middleware/callbacks.rb:26:in `call'
actionpack (7.0.4) lib/action_dispatch/middleware/executor.rb:14:in `call'
actionpack (7.0.4) lib/action_dispatch/middleware/actionable_exceptions.rb:17:in `call'
actionpack (7.0.4) lib/action_dispatch/middleware/debug_exceptions.rb:28:in `call'
web-console (4.2.0) lib/web_console/middleware.rb:132:in `call_app'
web-console (4.2.0) lib/web_console/middleware.rb:28:in `block in call'
web-console (4.2.0) lib/web_console/middleware.rb:17:in `catch'
web-console (4.2.0) lib/web_console/middleware.rb:17:in `call'
actionpack (7.0.4) lib/action_dispatch/middleware/show_exceptions.rb:26:in `call'
railties (7.0.4) lib/rails/rack/logger.rb:40:in `call_app'
railties (7.0.4) lib/rails/rack/logger.rb:25:in `block in call'
activesupport (7.0.4) lib/active_support/tagged_logging.rb:99:in `block in tagged'
activesupport (7.0.4) lib/active_support/tagged_logging.rb:37:in `tagged'
activesupport (7.0.4) lib/active_support/tagged_logging.rb:99:in `tagged'
railties (7.0.4) lib/rails/rack/logger.rb:25:in `call'
sprockets-rails (3.4.2) lib/sprockets/rails/quiet_assets.rb:13:in `call'
actionpack (7.0.4) lib/action_dispatch/middleware/remote_ip.rb:93:in `call'
actionpack (7.0.4) lib/action_dispatch/middleware/request_id.rb:26:in `call'
rack (2.2.4) lib/rack/method_override.rb:24:in `call'
rack (2.2.4) lib/rack/runtime.rb:22:in `call'
activesupport (7.0.4) lib/active_support/cache/strategy/local_cache_middleware.rb:29:in `call'
actionpack (7.0.4) lib/action_dispatch/middleware/server_timing.rb:61:in `block in call'
actionpack (7.0.4) lib/action_dispatch/middleware/server_timing.rb:26:in `collect_events'
actionpack (7.0.4) lib/action_dispatch/middleware/server_timing.rb:60:in `call'
actionpack (7.0.4) lib/action_dispatch/middleware/executor.rb:14:in `call'
actionpack (7.0.4) lib/action_dispatch/middleware/static.rb:23:in `call'
rack (2.2.4) lib/rack/sendfile.rb:110:in `call'
actionpack (7.0.4) lib/action_dispatch/middleware/host_authorization.rb:137:in `call'
railties (7.0.4) lib/rails/engine.rb:530:in `call'
puma (5.6.5) lib/puma/configuration.rb:252:in `call'
puma (5.6.5) lib/puma/request.rb:77:in `block in handle_request'
puma (5.6.5) lib/puma/thread_pool.rb:340:in `with_force_shutdown'
puma (5.6.5) lib/puma/request.rb:76:in `handle_request'
puma (5.6.5) lib/puma/server.rb:443:in `process_client'
puma (5.6.5) lib/puma/thread_pool.rb:147:in `block in spawn_thread'
  [1m[35m (54.0ms)[0m  [1m[35mCREATE DATABASE "portfolio_development" ENCODING = 'unicode'[0m
  [1m[35m (21.6ms)[0m  [1m[35mCREATE DATABASE "portfolio_test" ENCODING = 'unicode'[0m
Started GET "/" for 127.0.0.1 at 2023-03-13 14:04:29 +0100
Processing by PagesController#home as HTML
  Rendering layout layouts/application.html.erb
  Rendering pages/home.html.erb within layouts/application
  Rendered shared/_loading_animation.html.erb (Duration: 3553.6ms | Allocations: 178483)
  Rendered shared/_sticky_some_bar.html.erb (Duration: 0.2ms | Allocations: 104)
  Rendered shared/_navbar.html.erb (Duration: 0.2ms | Allocations: 252)
  Rendered shared/_portfolio_cards.html.erb (Duration: 0.2ms | Allocations: 427)
  Rendered shared/_homify.html.erb (Duration: 0.6ms | Allocations: 855)
  Rendered shared/_messagemate.html.erb (Duration: 1.1ms | Allocations: 2254)
  Rendered shared/_findit.html.erb (Duration: 0.5ms | Allocations: 920)
  Rendered shared/_tidder.html.erb (Duration: 0.8ms | Allocations: 1612)
  Rendered shared/_other_projects.html.erb (Duration: 0.8ms | Allocations: 1527)
  Rendered pages/home.html.erb within layouts/application (Duration: 3559.9ms | Allocations: 188893)
  Rendered shared/_flashes.html.erb (Duration: 0.1ms | Allocations: 207)
  Rendered layout layouts/application.html.erb (Duration: 3566.3ms | Allocations: 200123)
Completed 200 OK in 3570ms (Views: 3567.2ms | ActiveRecord: 0.0ms | Allocations: 203461)


Started GET "/" for 127.0.0.1 at 2023-03-14 14:12:25 +0100
Processing by PagesController#home as HTML
  Rendering layout layouts/application.html.erb
  Rendering pages/home.html.erb within layouts/application
  Rendered shared/_loading_animation.html.erb (Duration: 51.8ms | Allocations: 44049)
  Rendered shared/_sticky_some_bar.html.erb (Duration: 0.2ms | Allocations: 102)
  Rendered shared/_navbar.html.erb (Duration: 0.3ms | Allocations: 253)
  Rendered shared/_portfolio_cards.html.erb (Duration: 0.4ms | Allocations: 427)
  Rendered shared/_homify.html.erb (Duration: 0.9ms | Allocations: 871)
  Rendered shared/_messagemate.html.erb (Duration: 2.1ms | Allocations: 2299)
  Rendered shared/_findit.html.erb (Duration: 0.6ms | Allocations: 935)
  Rendered shared/_tidder.html.erb (Duration: 1.3ms | Allocations: 1642)
  Rendered shared/_other_projects.html.erb (Duration: 1.3ms | Allocations: 1557)
  Rendered pages/home.html.erb within layouts/application (Duration: 61.0ms | Allocations: 54609)
  Rendered shared/_flashes.html.erb (Duration: 0.3ms | Allocations: 208)
  Rendered layout layouts/application.html.erb (Duration: 68.5ms | Allocations: 65912)
Completed 200 OK in 78ms (Views: 69.9ms | ActiveRecord: 0.0ms | Allocations: 68818)


Started GET "/" for 127.0.0.1 at 2023-03-14 14:39:14 +0100
Processing by PagesController#home as HTML
  Rendering layout layouts/application.html.erb
  Rendering pages/home.html.erb within layouts/application
  Rendered shared/_loading_animation.html.erb (Duration: 1.4ms | Allocations: 1219)
  Rendered shared/_sticky_some_bar.html.erb (Duration: 0.2ms | Allocations: 98)
  Rendered shared/_navbar.html.erb (Duration: 0.3ms | Allocations: 244)
  Rendered shared/_portfolio_cards.html.erb (Duration: 0.4ms | Allocations: 415)
  Rendered shared/_homify.html.erb (Duration: 0.7ms | Allocations: 836)
  Rendered shared/_messagemate.html.erb (Duration: 2.1ms | Allocations: 2229)
  Rendered shared/_findit.html.erb (Duration: 1.1ms | Allocations: 917)
  Rendered shared/_tidder.html.erb (Duration: 1.8ms | Allocations: 1589)
  Rendered shared/_other_projects.html.erb (Duration: 1.6ms | Allocations: 1459)
  Rendered pages/home.html.erb within layouts/application (Duration: 12.8ms | Allocations: 11169)
  Rendered shared/_flashes.html.erb (Duration: 0.3ms | Allocations: 190)
  Rendered layout layouts/application.html.erb (Duration: 23.1ms | Allocations: 22158)
Completed 200 OK in 25ms (Views: 24.1ms | Allocations: 22970)


Started GET "/" for 127.0.0.1 at 2023-03-14 14:48:34 +0100
Processing by PagesController#home as HTML
  Rendering layout layouts/application.html.erb
  Rendering pages/home.html.erb within layouts/application
  Rendered shared/_loading_animation.html.erb (Duration: 39.2ms | Allocations: 43700)
  Rendered shared/_sticky_some_bar.html.erb (Duration: 0.2ms | Allocations: 104)
  Rendered shared/_navbar.html.erb (Duration: 0.2ms | Allocations: 253)
  Rendered shared/_portfolio_cards.html.erb (Duration: 0.3ms | Allocations: 427)
  Rendered shared/_homify.html.erb (Duration: 0.5ms | Allocations: 871)
  Rendered shared/_messagemate.html.erb (Duration: 1.1ms | Allocations: 2299)
  Rendered shared/_findit.html.erb (Duration: 0.5ms | Allocations: 1072)
  Rendered shared/_tidder.html.erb (Duration: 0.8ms | Allocations: 1642)
  Rendered shared/_other_projects.html.erb (Duration: 0.9ms | Allocations: 1557)
  Rendered pages/home.html.erb within layouts/application (Duration: 45.6ms | Allocations: 54399)
  Rendered shared/_flashes.html.erb (Duration: 0.2ms | Allocations: 207)
  Rendered layout layouts/application.html.erb (Duration: 51.8ms | Allocations: 65680)
Completed 200 OK in 60ms (Views: 52.9ms | ActiveRecord: 0.0ms | Allocations: 68586)


Started GET "/" for 127.0.0.1 at 2023-03-14 14:49:28 +0100
Processing by PagesController#home as HTML
  Rendering layout layouts/application.html.erb
  Rendering pages/home.html.erb within layouts/application
  Rendered shared/_loading_animation.html.erb (Duration: 0.8ms | Allocations: 1219)
  Rendered shared/_sticky_some_bar.html.erb (Duration: 0.1ms | Allocations: 98)
  Rendered shared/_navbar.html.erb (Duration: 0.1ms | Allocations: 244)
  Rendered shared/_portfolio_cards.html.erb (Duration: 0.2ms | Allocations: 415)
  Rendered shared/_homify.html.erb (Duration: 0.5ms | Allocations: 836)
  Rendered shared/_messagemate.html.erb (Duration: 1.1ms | Allocations: 2229)
  Rendered shared/_findit.html.erb (Duration: 0.5ms | Allocations: 1045)
  Rendered shared/_tidder.html.erb (Duration: 0.8ms | Allocations: 1589)
  Rendered shared/_other_projects.html.erb (Duration: 0.8ms | Allocations: 1459)
  Rendered pages/home.html.erb within layouts/application (Duration: 6.6ms | Allocations: 11297)
  Rendered shared/_flashes.html.erb (Duration: 0.1ms | Allocations: 190)
  Rendered layout layouts/application.html.erb (Duration: 11.7ms | Allocations: 22274)
Completed 200 OK in 13ms (Views: 12.3ms | ActiveRecord: 0.0ms | Allocations: 23104)


Started GET "/" for 127.0.0.1 at 2023-03-14 14:53:33 +0100
Processing by PagesController#home as HTML
  Rendering layout layouts/application.html.erb
  Rendering pages/home.html.erb within layouts/application
  Rendered shared/_loading_animation.html.erb (Duration: 0.8ms | Allocations: 1219)
  Rendered shared/_sticky_some_bar.html.erb (Duration: 0.1ms | Allocations: 98)
  Rendered shared/_navbar.html.erb (Duration: 0.2ms | Allocations: 244)
  Rendered shared/_portfolio_cards.html.erb (Duration: 0.2ms | Allocations: 415)
  Rendered shared/_homify.html.erb (Duration: 0.5ms | Allocations: 836)
  Rendered shared/_messagemate.html.erb (Duration: 1.1ms | Allocations: 2229)
  Rendered shared/_findit.html.erb (Duration: 0.6ms | Allocations: 1085)
  Rendered shared/_tidder.html.erb (Duration: 0.8ms | Allocations: 1588)
  Rendered shared/_other_projects.html.erb (Duration: 0.8ms | Allocations: 1459)
  Rendered pages/home.html.erb within layouts/application (Duration: 6.6ms | Allocations: 11336)
  Rendered shared/_flashes.html.erb (Duration: 0.1ms | Allocations: 190)
  Rendered layout layouts/application.html.erb (Duration: 11.9ms | Allocations: 22316)
Completed 200 OK in 13ms (Views: 12.5ms | ActiveRecord: 0.0ms | Allocations: 23113)


Started GET "/" for 127.0.0.1 at 2023-03-14 14:53:51 +0100
Processing by PagesController#home as HTML
  Rendering layout layouts/application.html.erb
  Rendering pages/home.html.erb within layouts/application
  Rendered shared/_loading_animation.html.erb (Duration: 0.8ms | Allocations: 1219)
  Rendered shared/_sticky_some_bar.html.erb (Duration: 0.1ms | Allocations: 98)
  Rendered shared/_navbar.html.erb (Duration: 0.2ms | Allocations: 244)
  Rendered shared/_portfolio_cards.html.erb (Duration: 0.2ms | Allocations: 415)
  Rendered shared/_homify.html.erb (Duration: 0.5ms | Allocations: 836)
  Rendered shared/_messagemate.html.erb (Duration: 1.1ms | Allocations: 2229)
  Rendered shared/_findit.html.erb (Duration: 0.6ms | Allocations: 1095)
  Rendered shared/_tidder.html.erb (Duration: 0.8ms | Allocations: 1589)
  Rendered shared/_other_projects.html.erb (Duration: 0.8ms | Allocations: 1459)
  Rendered pages/home.html.erb within layouts/application (Duration: 6.5ms | Allocations: 11347)
  Rendered shared/_flashes.html.erb (Duration: 0.1ms | Allocations: 193)
  Rendered layout layouts/application.html.erb (Duration: 14.6ms | Allocations: 22326)
Completed 200 OK in 15ms (Views: 15.2ms | ActiveRecord: 0.0ms | Allocations: 23124)


Started GET "/" for 127.0.0.1 at 2023-03-14 14:55:22 +0100
Processing by PagesController#home as HTML
  Rendering layout layouts/application.html.erb
  Rendering pages/home.html.erb within layouts/application
  Rendered shared/_loading_animation.html.erb (Duration: 0.9ms | Allocations: 1224)
  Rendered shared/_sticky_some_bar.html.erb (Duration: 0.1ms | Allocations: 98)
  Rendered shared/_navbar.html.erb (Duration: 0.2ms | Allocations: 244)
  Rendered shared/_portfolio_cards.html.erb (Duration: 0.2ms | Allocations: 415)
  Rendered shared/_homify.html.erb (Duration: 0.5ms | Allocations: 836)
  Rendered shared/_messagemate.html.erb (Duration: 1.6ms | Allocations: 2237)
  Rendered shared/_findit.html.erb (Duration: 0.6ms | Allocations: 1110)
  Rendered shared/_tidder.html.erb (Duration: 0.9ms | Allocations: 1593)
  Rendered shared/_other_projects.html.erb (Duration: 0.9ms | Allocations: 1467)
  Rendered pages/home.html.erb within layouts/application (Duration: 7.5ms | Allocations: 11392)
  Rendered shared/_flashes.html.erb (Duration: 0.1ms | Allocations: 190)
  Rendered layout layouts/application.html.erb (Duration: 12.8ms | Allocations: 22365)
Completed 200 OK in 14ms (Views: 13.4ms | Allocations: 23152)


Started GET "/" for 127.0.0.1 at 2023-03-14 15:00:33 +0100
Processing by PagesController#home as HTML
  Rendering layout layouts/application.html.erb
  Rendering pages/home.html.erb within layouts/application
  Rendered shared/_loading_animation.html.erb (Duration: 0.7ms | Allocations: 1224)
  Rendered shared/_sticky_some_bar.html.erb (Duration: 0.1ms | Allocations: 98)
  Rendered shared/_navbar.html.erb (Duration: 0.1ms | Allocations: 245)
  Rendered shared/_portfolio_cards.html.erb (Duration: 0.2ms | Allocations: 415)
  Rendered shared/_homify.html.erb (Duration: 0.4ms | Allocations: 836)
  Rendered shared/_messagemate.html.erb (Duration: 1.1ms | Allocations: 2235)
  Rendered shared/_findit.html.erb (Duration: 0.8ms | Allocations: 1376)
  Rendered shared/_tidder.html.erb (Duration: 0.9ms | Allocations: 1589)
  Rendered shared/_other_projects.html.erb (Duration: 0.8ms | Allocations: 1462)
  Rendered pages/home.html.erb within layouts/application (Duration: 6.8ms | Allocations: 11647)
  Rendered shared/_flashes.html.erb (Duration: 0.1ms | Allocations: 190)
  Rendered layout layouts/application.html.erb (Duration: 11.8ms | Allocations: 22623)
Completed 200 OK in 13ms (Views: 12.6ms | Allocations: 23404)


Started GET "/" for 127.0.0.1 at 2023-03-14 15:02:39 +0100
Processing by PagesController#home as HTML
  Rendering layout layouts/application.html.erb
  Rendering pages/home.html.erb within layouts/application
  Rendered shared/_loading_animation.html.erb (Duration: 1.5ms | Allocations: 1219)
  Rendered shared/_sticky_some_bar.html.erb (Duration: 0.2ms | Allocations: 98)
  Rendered shared/_navbar.html.erb (Duration: 0.3ms | Allocations: 244)
  Rendered shared/_portfolio_cards.html.erb (Duration: 0.4ms | Allocations: 415)
  Rendered shared/_homify.html.erb (Duration: 1.1ms | Allocations: 836)
  Rendered shared/_messagemate.html.erb (Duration: 2.3ms | Allocations: 2232)
  Rendered shared/_findit.html.erb (Duration: 1.0ms | Allocations: 1161)
  Rendered shared/_tidder.html.erb (Duration: 1.0ms | Allocations: 1592)
  Rendered shared/_other_projects.html.erb (Duration: 1.3ms | Allocations: 1462)
  Rendered pages/home.html.erb within layouts/application (Duration: 12.1ms | Allocations: 11422)
  Rendered shared/_flashes.html.erb (Duration: 0.4ms | Allocations: 190)
  Rendered layout layouts/application.html.erb (Duration: 22.4ms | Allocations: 22393)
Completed 200 OK in 24ms (Views: 23.4ms | Allocations: 23173)


Started GET "/" for 127.0.0.1 at 2023-03-14 15:03:10 +0100
Processing by PagesController#home as HTML
  Rendering layout layouts/application.html.erb
  Rendering pages/home.html.erb within layouts/application
  Rendered shared/_loading_animation.html.erb (Duration: 1.5ms | Allocations: 1219)
  Rendered shared/_sticky_some_bar.html.erb (Duration: 0.2ms | Allocations: 98)
  Rendered shared/_navbar.html.erb (Duration: 0.2ms | Allocations: 244)
  Rendered shared/_portfolio_cards.html.erb (Duration: 0.3ms | Allocations: 415)
  Rendered shared/_homify.html.erb (Duration: 0.5ms | Allocations: 836)
  Rendered shared/_messagemate.html.erb (Duration: 1.3ms | Allocations: 2229)
  Rendered shared/_findit.html.erb (Duration: 0.9ms | Allocations: 1161)
  Rendered shared/_tidder.html.erb (Duration: 1.3ms | Allocations: 1589)
  Rendered shared/_other_projects.html.erb (Duration: 1.2ms | Allocations: 1459)
  Rendered pages/home.html.erb within layouts/application (Duration: 10.3ms | Allocations: 11413)
  Rendered shared/_flashes.html.erb (Duration: 0.2ms | Allocations: 190)
  Rendered layout layouts/application.html.erb (Duration: 18.1ms | Allocations: 22378)
Completed 200 OK in 20ms (Views: 19.1ms | Allocations: 23158)


Started GET "/" for 127.0.0.1 at 2023-03-14 15:04:11 +0100
Processing by PagesController#home as HTML
  Rendering layout layouts/application.html.erb
  Rendering pages/home.html.erb within layouts/application
  Rendered shared/_loading_animation.html.erb (Duration: 0.9ms | Allocations: 1219)
  Rendered shared/_sticky_some_bar.html.erb (Duration: 0.2ms | Allocations: 98)
  Rendered shared/_navbar.html.erb (Duration: 0.2ms | Allocations: 244)
  Rendered shared/_portfolio_cards.html.erb (Duration: 0.3ms | Allocations: 415)
  Rendered shared/_homify.html.erb (Duration: 0.6ms | Allocations: 836)
  Rendered shared/_messagemate.html.erb (Duration: 1.4ms | Allocations: 2229)
  Rendered shared/_findit.html.erb (Duration: 0.9ms | Allocations: 1167)
  Rendered shared/_tidder.html.erb (Duration: 1.3ms | Allocations: 1589)
  Rendered shared/_other_projects.html.erb (Duration: 1.2ms | Allocations: 1459)
  Rendered pages/home.html.erb within layouts/application (Duration: 12.0ms | Allocations: 11421)
  Rendered shared/_flashes.html.erb (Duration: 0.2ms | Allocations: 191)
  Rendered layout layouts/application.html.erb (Duration: 20.1ms | Allocations: 22559)
Completed 200 OK in 21ms (Views: 20.7ms | Allocations: 23340)


Started GET "/" for 127.0.0.1 at 2023-03-14 15:05:36 +0100
Processing by PagesController#home as HTML
  Rendering layout layouts/application.html.erb
  Rendering pages/home.html.erb within layouts/application
  Rendered shared/_loading_animation.html.erb (Duration: 1.2ms | Allocations: 1224)
  Rendered shared/_sticky_some_bar.html.erb (Duration: 0.2ms | Allocations: 98)
  Rendered shared/_navbar.html.erb (Duration: 0.2ms | Allocations: 244)
  Rendered shared/_portfolio_cards.html.erb (Duration: 0.4ms | Allocations: 415)
  Rendered shared/_homify.html.erb (Duration: 0.6ms | Allocations: 837)
  Rendered shared/_messagemate.html.erb (Duration: 1.8ms | Allocations: 2238)
  Rendered shared/_findit.html.erb (Duration: 1.0ms | Allocations: 1170)
  Rendered shared/_tidder.html.erb (Duration: 1.6ms | Allocations: 1594)
  Rendered shared/_other_projects.html.erb (Duration: 1.6ms | Allocations: 1467)
  Rendered pages/home.html.erb within layouts/application (Duration: 11.8ms | Allocations: 11455)
  Rendered shared/_flashes.html.erb (Duration: 0.2ms | Allocations: 191)
  Rendered layout layouts/application.html.erb (Duration: 21.4ms | Allocations: 22587)
Completed 200 OK in 23ms (Views: 22.7ms | Allocations: 23367)


Started GET "/" for 127.0.0.1 at 2023-03-14 15:08:57 +0100
Processing by PagesController#home as HTML
  Rendering layout layouts/application.html.erb
  Rendering pages/home.html.erb within layouts/application
  Rendered shared/_loading_animation.html.erb (Duration: 1.2ms | Allocations: 1225)
  Rendered shared/_sticky_some_bar.html.erb (Duration: 0.1ms | Allocations: 98)
  Rendered shared/_navbar.html.erb (Duration: 0.2ms | Allocations: 244)
  Rendered shared/_portfolio_cards.html.erb (Duration: 0.3ms | Allocations: 415)
  Rendered shared/_homify.html.erb (Duration: 0.7ms | Allocations: 836)
  Rendered shared/_messagemate.html.erb (Duration: 1.5ms | Allocations: 2234)
  Rendered shared/_findit.html.erb (Duration: 1.1ms | Allocations: 1245)
  Rendered shared/_tidder.html.erb (Duration: 1.2ms | Allocations: 1588)
  Rendered shared/_other_projects.html.erb (Duration: 1.2ms | Allocations: 1462)
  Rendered pages/home.html.erb within layouts/application (Duration: 9.9ms | Allocations: 11511)
  Rendered shared/_flashes.html.erb (Duration: 0.2ms | Allocations: 190)
  Rendered layout layouts/application.html.erb (Duration: 18.2ms | Allocations: 22506)
Completed 200 OK in 19ms (Views: 19.0ms | Allocations: 23287)


Started GET "/" for 127.0.0.1 at 2023-03-14 15:10:04 +0100
Processing by PagesController#home as HTML
  Rendering layout layouts/application.html.erb
  Rendering pages/home.html.erb within layouts/application
  Rendered shared/_loading_animation.html.erb (Duration: 1.2ms | Allocations: 1219)
  Rendered shared/_sticky_some_bar.html.erb (Duration: 0.1ms | Allocations: 98)
  Rendered shared/_navbar.html.erb (Duration: 0.2ms | Allocations: 244)
  Rendered shared/_portfolio_cards.html.erb (Duration: 0.3ms | Allocations: 415)
  Rendered shared/_homify.html.erb (Duration: 0.9ms | Allocations: 836)
  Rendered shared/_messagemate.html.erb (Duration: 1.9ms | Allocations: 2232)
  Rendered shared/_findit.html.erb (Duration: 0.9ms | Allocations: 1291)
  Rendered shared/_tidder.html.erb (Duration: 1.3ms | Allocations: 1591)
  Rendered shared/_other_projects.html.erb (Duration: 1.4ms | Allocations: 1462)
  Rendered pages/home.html.erb within layouts/application (Duration: 11.0ms | Allocations: 11551)
  Rendered shared/_flashes.html.erb (Duration: 0.2ms | Allocations: 190)
  Rendered layout layouts/application.html.erb (Duration: 19.2ms | Allocations: 22510)
Completed 200 OK in 20ms (Views: 20.0ms | Allocations: 23290)


Started GET "/" for 127.0.0.1 at 2023-03-14 15:11:57 +0100
Processing by PagesController#home as HTML
  Rendering layout layouts/application.html.erb
  Rendering pages/home.html.erb within layouts/application
  Rendered shared/_loading_animation.html.erb (Duration: 1.1ms | Allocations: 1219)
  Rendered shared/_sticky_some_bar.html.erb (Duration: 0.2ms | Allocations: 98)
  Rendered shared/_navbar.html.erb (Duration: 0.2ms | Allocations: 244)
  Rendered shared/_portfolio_cards.html.erb (Duration: 0.3ms | Allocations: 415)
  Rendered shared/_homify.html.erb (Duration: 0.6ms | Allocations: 836)
  Rendered shared/_messagemate.html.erb (Duration: 1.8ms | Allocations: 2229)
  Rendered shared/_findit.html.erb (Duration: 0.7ms | Allocations: 1289)
  Rendered shared/_tidder.html.erb (Duration: 0.9ms | Allocations: 1588)
  Rendered shared/_other_projects.html.erb (Duration: 1.3ms | Allocations: 1459)
  Rendered pages/home.html.erb within layouts/application (Duration: 9.5ms | Allocations: 11540)
  Rendered shared/_flashes.html.erb (Duration: 0.2ms | Allocations: 190)
  Rendered layout layouts/application.html.erb (Duration: 17.6ms | Allocations: 22523)
Completed 200 OK in 19ms (Views: 18.4ms | Allocations: 23303)


Started GET "/" for 127.0.0.1 at 2023-03-14 15:26:45 +0100
Processing by PagesController#home as HTML
  Rendering layout layouts/application.html.erb
  Rendering pages/home.html.erb within layouts/application
  Rendered shared/_loading_animation.html.erb (Duration: 1.2ms | Allocations: 1225)
  Rendered shared/_sticky_some_bar.html.erb (Duration: 0.2ms | Allocations: 98)
  Rendered shared/_navbar.html.erb (Duration: 0.2ms | Allocations: 244)
  Rendered shared/_portfolio_cards.html.erb (Duration: 0.3ms | Allocations: 415)
  Rendered shared/_homify.html.erb (Duration: 0.9ms | Allocations: 837)
  Rendered shared/_messagemate.html.erb (Duration: 2.0ms | Allocations: 2239)
  Rendered shared/_findit.html.erb (Duration: 1.1ms | Allocations: 1309)
  Rendered shared/_tidder.html.erb (Duration: 1.5ms | Allocations: 1593)
  Rendered shared/_other_projects.html.erb (Duration: 1.5ms | Allocations: 1467)
  Rendered pages/home.html.erb within layouts/application (Duration: 11.5ms | Allocations: 11600)
  Rendered shared/_flashes.html.erb (Duration: 0.4ms | Allocations: 190)
  Rendered layout layouts/application.html.erb (Duration: 19.9ms | Allocations: 22727)
Completed 200 OK in 21ms (Views: 20.8ms | Allocations: 23508)


Started GET "/" for 127.0.0.1 at 2023-03-21 21:31:46 +0100
Processing by PagesController#home as HTML
  Rendering layout layouts/application.html.erb
  Rendering pages/home.html.erb within layouts/application
  Rendered shared/_loading_animation.html.erb (Duration: 3760.3ms | Allocations: 129893)
  Rendered shared/_sticky_some_bar.html.erb (Duration: 0.5ms | Allocations: 104)
  Rendered shared/_navbar.html.erb (Duration: 0.3ms | Allocations: 253)
  Rendered shared/_portfolio_cards.html.erb (Duration: 0.2ms | Allocations: 428)
  Rendered shared/_homify.html.erb (Duration: 0.8ms | Allocations: 1339)
  Rendered shared/_messagemate.html.erb (Duration: 1.3ms | Allocations: 2258)
  Rendered shared/_findit.html.erb (Duration: 0.6ms | Allocations: 1326)
  Rendered shared/_tidder.html.erb (Duration: 0.9ms | Allocations: 1615)
  Rendered shared/_other_projects.html.erb (Duration: 1.1ms | Allocations: 2158)
  Rendered pages/home.html.erb within layouts/application (Duration: 3768.2ms | Allocations: 141837)
  Rendered shared/_flashes.html.erb (Duration: 0.3ms | Allocations: 207)
  Rendered layout layouts/application.html.erb (Duration: 3774.7ms | Allocations: 153146)
Completed 200 OK in 3779ms (Views: 3776.0ms | ActiveRecord: 0.0ms | Allocations: 156051)


Started GET "/" for 127.0.0.1 at 2023-03-27 14:37:06 +0200
Processing by PagesController#home as HTML
  Rendering layout layouts/application.html.erb
  Rendering pages/home.html.erb within layouts/application
  Rendered shared/_loading_animation.html.erb (Duration: 51.4ms | Allocations: 44502)
  Rendered shared/_sticky_some_bar.html.erb (Duration: 0.4ms | Allocations: 104)
  Rendered shared/_navbar.html.erb (Duration: 0.3ms | Allocations: 253)
  Rendered shared/_portfolio_cards.html.erb (Duration: 0.4ms | Allocations: 428)
  Rendered shared/_homify.html.erb (Duration: 1.1ms | Allocations: 1354)
  Rendered shared/_messagemate.html.erb (Duration: 1.8ms | Allocations: 2303)
  Rendered shared/_findit.html.erb (Duration: 0.8ms | Allocations: 1341)
  Rendered shared/_tidder.html.erb (Duration: 1.3ms | Allocations: 1645)
  Rendered shared/_other_projects.html.erb (Duration: 1.8ms | Allocations: 2203)
  Rendered pages/home.html.erb within layouts/application (Duration: 61.8ms | Allocations: 56611)
  Rendered shared/_flashes.html.erb (Duration: 0.3ms | Allocations: 207)
  Rendered layout layouts/application.html.erb (Duration: 69.3ms | Allocations: 67936)
Completed 200 OK in 74ms (Views: 70.7ms | ActiveRecord: 0.0ms | Allocations: 70842)


Started GET "/choropleth_map" for 127.0.0.1 at 2023-03-27 14:41:05 +0200
Processing by PagesController#choropleth_map as HTML
  Rendering layout layouts/application.html.erb
  Rendering pages/choropleth_map.html.erb within layouts/application
  Rendered pages/choropleth_map.html.erb within layouts/application (Duration: 1.3ms | Allocations: 1250)
  Rendered shared/_flashes.html.erb (Duration: 0.0ms | Allocations: 32)
  Rendered layout layouts/application.html.erb (Duration: 8.4ms | Allocations: 11927)
Completed 200 OK in 9ms (Views: 8.7ms | ActiveRecord: 0.0ms | Allocations: 12305)


Started GET "/" for 127.0.0.1 at 2023-03-27 14:44:49 +0200
Processing by PagesController#home as HTML
  Rendering layout layouts/application.html.erb
  Rendering pages/home.html.erb within layouts/application
  Rendered shared/_loading_animation.html.erb (Duration: 1.5ms | Allocations: 1228)
  Rendered shared/_sticky_some_bar.html.erb (Duration: 0.2ms | Allocations: 98)
  Rendered shared/_navbar.html.erb (Duration: 4.8ms | Allocations: 244)
  Rendered shared/_portfolio_cards.html.erb (Duration: 0.5ms | Allocations: 419)
  Rendered shared/_homify.html.erb (Duration: 1.6ms | Allocations: 1312)
  Rendered shared/_messagemate.html.erb (Duration: 3.0ms | Allocations: 2250)
  Rendered shared/_findit.html.erb (Duration: 1.4ms | Allocations: 1309)
  Rendered shared/_tidder.html.erb (Duration: 1.8ms | Allocations: 1601)
  Rendered shared/_other_projects.html.erb (Duration: 3600.5ms | Allocations: 127887)
  Rendered pages/home.html.erb within layouts/application (Duration: 3618.8ms | Allocations: 138527)
  Rendered shared/_flashes.html.erb (Duration: 0.2ms | Allocations: 190)
  Rendered layout layouts/application.html.erb (Duration: 3626.4ms | Allocations: 149571)
Completed 200 OK in 3628ms (Views: 3627.6ms | Allocations: 150339)


Started GET "/" for 127.0.0.1 at 2023-03-27 14:50:00 +0200
Processing by PagesController#home as HTML
  Rendering layout layouts/application.html.erb
  Rendering pages/home.html.erb within layouts/application
  Rendered shared/_loading_animation.html.erb (Duration: 1.1ms | Allocations: 1235)
  Rendered shared/_sticky_some_bar.html.erb (Duration: 0.2ms | Allocations: 98)
  Rendered shared/_navbar.html.erb (Duration: 0.2ms | Allocations: 244)
  Rendered shared/_portfolio_cards.html.erb (Duration: 0.3ms | Allocations: 416)
  Rendered shared/_homify.html.erb (Duration: 1.0ms | Allocations: 1311)
  Rendered shared/_messagemate.html.erb (Duration: 1.7ms | Allocations: 2250)
  Rendered shared/_findit.html.erb (Duration: 1.0ms | Allocations: 1309)
  Rendered shared/_tidder.html.erb (Duration: 1.2ms | Allocations: 1601)
  Rendered shared/_other_projects.html.erb (Duration: 3420.2ms | Allocations: 130418)
  Rendered pages/home.html.erb within layouts/application (Duration: 3429.1ms | Allocations: 141056)
  Rendered shared/_flashes.html.erb (Duration: 0.2ms | Allocations: 190)
  Rendered layout layouts/application.html.erb (Duration: 3436.7ms | Allocations: 152101)
Completed 200 OK in 3438ms (Views: 3437.5ms | Allocations: 152888)


Started GET "/" for 127.0.0.1 at 2023-03-27 14:51:27 +0200
Processing by PagesController#home as HTML
  Rendering layout layouts/application.html.erb
  Rendering pages/home.html.erb within layouts/application
  Rendered shared/_loading_animation.html.erb (Duration: 1.4ms | Allocations: 1235)
  Rendered shared/_sticky_some_bar.html.erb (Duration: 0.2ms | Allocations: 98)
  Rendered shared/_navbar.html.erb (Duration: 0.3ms | Allocations: 244)
  Rendered shared/_portfolio_cards.html.erb (Duration: 0.4ms | Allocations: 416)
  Rendered shared/_homify.html.erb (Duration: 1.2ms | Allocations: 1311)
  Rendered shared/_messagemate.html.erb (Duration: 1.5ms | Allocations: 2250)
  Rendered shared/_findit.html.erb (Duration: 1.0ms | Allocations: 1309)
  Rendered shared/_tidder.html.erb (Duration: 1.3ms | Allocations: 1601)
  Rendered shared/_other_projects.html.erb (Duration: 3.0ms | Allocations: 3378)
  Rendered pages/home.html.erb within layouts/application (Duration: 13.2ms | Allocations: 14012)
  Rendered shared/_flashes.html.erb (Duration: 0.2ms | Allocations: 190)
  Rendered layout layouts/application.html.erb (Duration: 21.0ms | Allocations: 25040)
Completed 200 OK in 22ms (Views: 22.0ms | Allocations: 25820)


Started GET "/" for 127.0.0.1 at 2023-03-27 15:05:15 +0200
Processing by PagesController#home as HTML
  Rendering layout layouts/application.html.erb
  Rendering pages/home.html.erb within layouts/application
  Rendered shared/_loading_animation.html.erb (Duration: 0.9ms | Allocations: 1231)
  Rendered shared/_sticky_some_bar.html.erb (Duration: 0.1ms | Allocations: 98)
  Rendered shared/_navbar.html.erb (Duration: 0.2ms | Allocations: 244)
  Rendered shared/_portfolio_cards.html.erb (Duration: 0.3ms | Allocations: 416)
  Rendered shared/_homify.html.erb (Duration: 1.0ms | Allocations: 1311)
  Rendered shared/_messagemate.html.erb (Duration: 1.6ms | Allocations: 2244)
  Rendered shared/_findit.html.erb (Duration: 1.0ms | Allocations: 1309)
  Rendered shared/_tidder.html.erb (Duration: 1.2ms | Allocations: 1598)
  Rendered shared/_other_projects.html.erb (Duration: 2.7ms | Allocations: 3875)
  Rendered pages/home.html.erb within layouts/application (Duration: 11.5ms | Allocations: 14496)
  Rendered shared/_flashes.html.erb (Duration: 0.2ms | Allocations: 193)
  Rendered layout layouts/application.html.erb (Duration: 22.4ms | Allocations: 25543)
Completed 200 OK in 24ms (Views: 23.3ms | Allocations: 26331)


Started GET "/" for 127.0.0.1 at 2023-03-27 15:10:15 +0200
Processing by PagesController#home as HTML
  Rendering layout layouts/application.html.erb
  Rendering pages/home.html.erb within layouts/application
  Rendered shared/_loading_animation.html.erb (Duration: 1.0ms | Allocations: 1238)
  Rendered shared/_sticky_some_bar.html.erb (Duration: 0.2ms | Allocations: 98)
  Rendered shared/_navbar.html.erb (Duration: 0.4ms | Allocations: 244)
  Rendered shared/_portfolio_cards.html.erb (Duration: 0.3ms | Allocations: 416)
  Rendered shared/_homify.html.erb (Duration: 1.0ms | Allocations: 1313)
  Rendered shared/_messagemate.html.erb (Duration: 2.0ms | Allocations: 2256)
  Rendered shared/_findit.html.erb (Duration: 1.2ms | Allocations: 1311)
  Rendered shared/_tidder.html.erb (Duration: 1.4ms | Allocations: 1605)
  Rendered shared/_other_projects.html.erb (Duration: 3311.2ms | Allocations: 131231)
  Rendered pages/home.html.erb within layouts/application (Duration: 3321.6ms | Allocations: 141888)
  Rendered shared/_flashes.html.erb (Duration: 0.2ms | Allocations: 190)
  Rendered layout layouts/application.html.erb (Duration: 3328.4ms | Allocations: 152922)
Completed 200 OK in 3330ms (Views: 3329.2ms | Allocations: 153702)


Started GET "/" for 127.0.0.1 at 2023-03-27 15:12:04 +0200
Processing by PagesController#home as HTML
  Rendering layout layouts/application.html.erb
  Rendering pages/home.html.erb within layouts/application
  Rendered shared/_loading_animation.html.erb (Duration: 1.3ms | Allocations: 1238)
  Rendered shared/_sticky_some_bar.html.erb (Duration: 0.2ms | Allocations: 98)
  Rendered shared/_navbar.html.erb (Duration: 0.3ms | Allocations: 244)
  Rendered shared/_portfolio_cards.html.erb (Duration: 0.4ms | Allocations: 416)
  Rendered shared/_homify.html.erb (Duration: 1.4ms | Allocations: 1313)
  Rendered shared/_messagemate.html.erb (Duration: 2.2ms | Allocations: 2256)
  Rendered shared/_findit.html.erb (Duration: 1.3ms | Allocations: 1311)
  Rendered shared/_tidder.html.erb (Duration: 1.6ms | Allocations: 1605)
  Rendered shared/_other_projects.html.erb (Duration: 4.0ms | Allocations: 4159)
  Rendered pages/home.html.erb within layouts/application (Duration: 16.2ms | Allocations: 14812)
  Rendered shared/_flashes.html.erb (Duration: 0.3ms | Allocations: 190)
  Rendered layout layouts/application.html.erb (Duration: 26.6ms | Allocations: 25843)
Completed 200 OK in 28ms (Views: 27.6ms | Allocations: 26623)


Started GET "/" for 127.0.0.1 at 2023-03-27 15:12:40 +0200
Processing by PagesController#home as HTML
  Rendering layout layouts/application.html.erb
  Rendering pages/home.html.erb within layouts/application
  Rendered shared/_loading_animation.html.erb (Duration: 1.1ms | Allocations: 1234)
  Rendered shared/_sticky_some_bar.html.erb (Duration: 0.2ms | Allocations: 98)
  Rendered shared/_navbar.html.erb (Duration: 0.2ms | Allocations: 244)
  Rendered shared/_portfolio_cards.html.erb (Duration: 0.3ms | Allocations: 416)
  Rendered shared/_homify.html.erb (Duration: 1.0ms | Allocations: 1313)
  Rendered shared/_messagemate.html.erb (Duration: 2.2ms | Allocations: 2250)
  Rendered shared/_findit.html.erb (Duration: 1.3ms | Allocations: 1311)
  Rendered shared/_tidder.html.erb (Duration: 1.5ms | Allocations: 1602)
  Rendered shared/_other_projects.html.erb (Duration: 2.9ms | Allocations: 4157)
  Rendered pages/home.html.erb within layouts/application (Duration: 13.2ms | Allocations: 14797)
  Rendered shared/_flashes.html.erb (Duration: 0.2ms | Allocations: 190)
  Rendered layout layouts/application.html.erb (Duration: 21.8ms | Allocations: 25849)
Completed 200 OK in 23ms (Views: 22.6ms | Allocations: 26629)


Started GET "/" for 127.0.0.1 at 2023-03-27 15:18:13 +0200
Processing by PagesController#home as HTML
  Rendering layout layouts/application.html.erb
  Rendering pages/home.html.erb within layouts/application
  Rendered shared/_loading_animation.html.erb (Duration: 1.2ms | Allocations: 1234)
  Rendered shared/_sticky_some_bar.html.erb (Duration: 0.2ms | Allocations: 98)
  Rendered shared/_navbar.html.erb (Duration: 0.2ms | Allocations: 244)
  Rendered shared/_portfolio_cards.html.erb (Duration: 0.3ms | Allocations: 416)
  Rendered shared/_homify.html.erb (Duration: 1.0ms | Allocations: 1313)
  Rendered shared/_messagemate.html.erb (Duration: 1.8ms | Allocations: 2250)
  Rendered shared/_findit.html.erb (Duration: 1.1ms | Allocations: 1311)
  Rendered shared/_tidder.html.erb (Duration: 4.6ms | Allocations: 1602)
  Rendered shared/_other_projects.html.erb (Duration: 12.7ms | Allocations: 4234)
  Rendered pages/home.html.erb within layouts/application (Duration: 27.8ms | Allocations: 14874)
  Rendered shared/_flashes.html.erb (Duration: 0.2ms | Allocations: 193)
  Rendered layout layouts/application.html.erb (Duration: 60.2ms | Allocations: 25988)
Completed 200 OK in 61ms (Views: 61.0ms | Allocations: 26769)


Started GET "/choropleth_map" for 127.0.0.1 at 2023-03-27 15:18:43 +0200
Processing by PagesController#choropleth_map as HTML
  Rendering layout layouts/application.html.erb
  Rendering pages/choropleth_map.html.erb within layouts/application
  Rendered pages/choropleth_map.html.erb within layouts/application (Duration: 1.0ms | Allocations: 1380)
  Rendered shared/_flashes.html.erb (Duration: 0.2ms | Allocations: 193)
  Rendered layout layouts/application.html.erb (Duration: 8.5ms | Allocations: 12655)
Completed 200 OK in 10ms (Views: 9.2ms | Allocations: 13436)


Started GET "/" for 127.0.0.1 at 2023-03-27 15:19:40 +0200
Processing by PagesController#home as HTML
  Rendering layout layouts/application.html.erb
  Rendering pages/home.html.erb within layouts/application
  Rendered shared/_loading_animation.html.erb (Duration: 1.2ms | Allocations: 1239)
  Rendered shared/_sticky_some_bar.html.erb (Duration: 0.2ms | Allocations: 98)
  Rendered shared/_navbar.html.erb (Duration: 0.2ms | Allocations: 244)
  Rendered shared/_portfolio_cards.html.erb (Duration: 0.3ms | Allocations: 416)
  Rendered shared/_homify.html.erb (Duration: 1.1ms | Allocations: 1313)
  Rendered shared/_messagemate.html.erb (Duration: 1.8ms | Allocations: 2256)
  Rendered shared/_findit.html.erb (Duration: 1.1ms | Allocations: 1311)
  Rendered shared/_tidder.html.erb (Duration: 1.8ms | Allocations: 1602)
  Rendered shared/_other_projects.html.erb (Duration: 3.2ms | Allocations: 4334)
  Rendered pages/home.html.erb within layouts/application (Duration: 13.4ms | Allocations: 14986)
  Rendered shared/_flashes.html.erb (Duration: 0.2ms | Allocations: 190)
  Rendered layout layouts/application.html.erb (Duration: 21.7ms | Allocations: 26042)
Completed 200 OK in 23ms (Views: 22.5ms | Allocations: 26822)


Started GET "/choropleth_map" for 127.0.0.1 at 2023-03-27 15:19:47 +0200
Processing by PagesController#choropleth_map as HTML
  Rendering layout layouts/application.html.erb
  Rendering pages/choropleth_map.html.erb within layouts/application
  Rendered pages/choropleth_map.html.erb within layouts/application (Duration: 0.9ms | Allocations: 1186)
  Rendered shared/_flashes.html.erb (Duration: 0.0ms | Allocations: 25)
  Rendered layout layouts/application.html.erb (Duration: 8.0ms | Allocations: 11789)
Completed 200 OK in 8ms (Views: 8.2ms | Allocations: 12092)


Started GET "/" for 127.0.0.1 at 2023-03-27 15:20:30 +0200
Processing by PagesController#home as HTML
  Rendering layout layouts/application.html.erb
  Rendering pages/home.html.erb within layouts/application
  Rendered shared/_loading_animation.html.erb (Duration: 1.6ms | Allocations: 1238)
  Rendered shared/_sticky_some_bar.html.erb (Duration: 0.2ms | Allocations: 98)
  Rendered shared/_navbar.html.erb (Duration: 0.3ms | Allocations: 244)
  Rendered shared/_portfolio_cards.html.erb (Duration: 0.4ms | Allocations: 416)
  Rendered shared/_homify.html.erb (Duration: 1.3ms | Allocations: 1313)
  Rendered shared/_messagemate.html.erb (Duration: 2.7ms | Allocations: 2256)
  Rendered shared/_findit.html.erb (Duration: 1.2ms | Allocations: 1311)
  Rendered shared/_tidder.html.erb (Duration: 1.3ms | Allocations: 1602)
  Rendered shared/_other_projects.html.erb (Duration: 3.3ms | Allocations: 4392)
  Rendered pages/home.html.erb within layouts/application (Duration: 15.8ms | Allocations: 15042)
  Rendered shared/_flashes.html.erb (Duration: 0.3ms | Allocations: 190)
  Rendered layout layouts/application.html.erb (Duration: 24.9ms | Allocations: 26070)
Completed 200 OK in 26ms (Views: 25.9ms | Allocations: 26833)


Started GET "/" for 127.0.0.1 at 2023-03-27 15:21:27 +0200
Processing by PagesController#home as HTML
  Rendering layout layouts/application.html.erb
  Rendering pages/home.html.erb within layouts/application
  Rendered shared/_loading_animation.html.erb (Duration: 0.7ms | Allocations: 1234)
  Rendered shared/_sticky_some_bar.html.erb (Duration: 0.2ms | Allocations: 98)
  Rendered shared/_navbar.html.erb (Duration: 0.1ms | Allocations: 244)
  Rendered shared/_portfolio_cards.html.erb (Duration: 0.2ms | Allocations: 416)
  Rendered shared/_homify.html.erb (Duration: 0.7ms | Allocations: 1313)
  Rendered shared/_messagemate.html.erb (Duration: 1.1ms | Allocations: 2250)
  Rendered shared/_findit.html.erb (Duration: 0.6ms | Allocations: 1311)
  Rendered shared/_tidder.html.erb (Duration: 1.0ms | Allocations: 1602)
  Rendered shared/_other_projects.html.erb (Duration: 2.3ms | Allocations: 4474)
  Rendered pages/home.html.erb within layouts/application (Duration: 8.4ms | Allocations: 15114)
  Rendered shared/_flashes.html.erb (Duration: 0.1ms | Allocations: 195)
  Rendered layout layouts/application.html.erb (Duration: 15.9ms | Allocations: 26197)
Completed 200 OK in 17ms (Views: 16.4ms | Allocations: 26978)


Started GET "/url-shortener" for 127.0.0.1 at 2023-03-27 15:21:35 +0200
Processing by PagesController#url_shortener as HTML
  Rendering layout layouts/application.html.erb
  Rendering pages/url_shortener.html.erb within layouts/application
  Rendered pages/url_shortener.html.erb within layouts/application (Duration: 0.4ms | Allocations: 177)
  Rendered shared/_flashes.html.erb (Duration: 0.0ms | Allocations: 25)
  Rendered layout layouts/application.html.erb (Duration: 8.1ms | Allocations: 11023)
Completed 200 OK in 9ms (Views: 8.5ms | Allocations: 11328)


Started GET "/" for 127.0.0.1 at 2023-03-27 15:22:26 +0200
Processing by PagesController#home as HTML
  Rendering layout layouts/application.html.erb
  Rendering pages/home.html.erb within layouts/application
  Rendered shared/_loading_animation.html.erb (Duration: 1.1ms | Allocations: 1239)
  Rendered shared/_sticky_some_bar.html.erb (Duration: 0.1ms | Allocations: 98)
  Rendered shared/_navbar.html.erb (Duration: 0.2ms | Allocations: 244)
  Rendered shared/_portfolio_cards.html.erb (Duration: 0.3ms | Allocations: 416)
  Rendered shared/_homify.html.erb (Duration: 1.5ms | Allocations: 1313)
  Rendered shared/_messagemate.html.erb (Duration: 2.3ms | Allocations: 2256)
  Rendered shared/_findit.html.erb (Duration: 1.1ms | Allocations: 1311)
  Rendered shared/_tidder.html.erb (Duration: 1.1ms | Allocations: 1605)
  Rendered shared/_other_projects.html.erb (Duration: 3.9ms | Allocations: 4574)
  Rendered pages/home.html.erb within layouts/application (Duration: 14.3ms | Allocations: 15233)
  Rendered shared/_flashes.html.erb (Duration: 0.2ms | Allocations: 190)
  Rendered layout layouts/application.html.erb (Duration: 22.3ms | Allocations: 26286)
Completed 200 OK in 24ms (Views: 23.3ms | Allocations: 27049)


Started GET "/currency_converter" for 127.0.0.1 at 2023-03-27 15:22:32 +0200
Processing by CurrencyConverterController#currency_converter as HTML
  Rendering layout layouts/application.html.erb
  Rendering currency_converter/currency_converter.html.erb within layouts/application
  Rendered currency_converter/currency_converter.html.erb within layouts/application (Duration: 0.8ms | Allocations: 487)
  Rendered shared/_flashes.html.erb (Duration: 0.0ms | Allocations: 38)
  Rendered layout layouts/application.html.erb (Duration: 6.9ms | Allocations: 11593)
Completed 200 OK in 8ms (Views: 7.5ms | Allocations: 12293)


Started GET "/" for 127.0.0.1 at 2023-03-27 15:23:10 +0200
Processing by PagesController#home as HTML
  Rendering layout layouts/application.html.erb
  Rendering pages/home.html.erb within layouts/application
  Rendered shared/_loading_animation.html.erb (Duration: 1.4ms | Allocations: 1238)
  Rendered shared/_sticky_some_bar.html.erb (Duration: 0.2ms | Allocations: 98)
  Rendered shared/_navbar.html.erb (Duration: 0.3ms | Allocations: 244)
  Rendered shared/_portfolio_cards.html.erb (Duration: 0.4ms | Allocations: 416)
  Rendered shared/_homify.html.erb (Duration: 0.9ms | Allocations: 1313)
  Rendered shared/_messagemate.html.erb (Duration: 2.3ms | Allocations: 2256)
  Rendered shared/_findit.html.erb (Duration: 1.4ms | Allocations: 1311)
  Rendered shared/_tidder.html.erb (Duration: 1.7ms | Allocations: 1605)
  Rendered shared/_other_projects.html.erb (Duration: 3.5ms | Allocations: 4564)
  Rendered pages/home.html.erb within layouts/application (Duration: 15.2ms | Allocations: 15217)
  Rendered shared/_flashes.html.erb (Duration: 0.2ms | Allocations: 190)
  Rendered layout layouts/application.html.erb (Duration: 24.6ms | Allocations: 26254)
Completed 200 OK in 26ms (Views: 25.7ms | Allocations: 27050)


Started GET "/" for 127.0.0.1 at 2023-03-27 15:23:37 +0200
Processing by PagesController#home as HTML
  Rendering layout layouts/application.html.erb
  Rendering pages/home.html.erb within layouts/application
  Rendered shared/_loading_animation.html.erb (Duration: 1.4ms | Allocations: 1234)
  Rendered shared/_sticky_some_bar.html.erb (Duration: 0.2ms | Allocations: 98)
  Rendered shared/_navbar.html.erb (Duration: 0.3ms | Allocations: 244)
  Rendered shared/_portfolio_cards.html.erb (Duration: 0.5ms | Allocations: 416)
  Rendered shared/_homify.html.erb (Duration: 1.3ms | Allocations: 1313)
  Rendered shared/_messagemate.html.erb (Duration: 2.4ms | Allocations: 2250)
  Rendered shared/_findit.html.erb (Duration: 1.5ms | Allocations: 1311)
  Rendered shared/_tidder.html.erb (Duration: 4.9ms | Allocations: 1606)
  Rendered shared/_other_projects.html.erb (Duration: 3.5ms | Allocations: 4578)
  Rendered pages/home.html.erb within layouts/application (Duration: 19.6ms | Allocations: 15226)
  Rendered shared/_flashes.html.erb (Duration: 0.2ms | Allocations: 190)
  Rendered layout layouts/application.html.erb (Duration: 28.2ms | Allocations: 26331)
Completed 200 OK in 30ms (Views: 29.2ms | Allocations: 27112)


Started GET "/" for 127.0.0.1 at 2023-03-27 15:31:42 +0200
Processing by PagesController#home as HTML
  Rendering layout layouts/application.html.erb
  Rendering pages/home.html.erb within layouts/application
  Rendered shared/_loading_animation.html.erb (Duration: 1.3ms | Allocations: 979)
  Rendered shared/_sticky_some_bar.html.erb (Duration: 0.0ms | Allocations: 8)
  Rendered shared/_navbar.html.erb (Duration: 0.0ms | Allocations: 8)
  Rendered shared/_portfolio_cards.html.erb (Duration: 0.0ms | Allocations: 8)
  Rendered shared/_homify.html.erb (Duration: 0.7ms | Allocations: 688)
  Rendered shared/_messagemate.html.erb (Duration: 1.8ms | Allocations: 1715)
  Rendered shared/_findit.html.erb (Duration: 0.7ms | Allocations: 745)
  Rendered shared/_tidder.html.erb (Duration: 1.2ms | Allocations: 1204)
  Rendered shared/_other_projects.html.erb (Duration: 3.2ms | Allocations: 3682)
  Rendered pages/home.html.erb within layouts/application (Duration: 10.3ms | Allocations: 10334)
  Rendered shared/_flashes.html.erb (Duration: 0.0ms | Allocations: 24)
  Rendered layout layouts/application.html.erb (Duration: 3405.9ms | Allocations: 95510)
Completed 200 OK in 3406ms (Views: 3406.3ms | Allocations: 95760)


Started GET "/" for 127.0.0.1 at 2023-03-27 15:31:53 +0200
Processing by PagesController#home as HTML
  Rendering layout layouts/application.html.erb
  Rendering pages/home.html.erb within layouts/application
  Rendered shared/_loading_animation.html.erb (Duration: 1.1ms | Allocations: 978)
  Rendered shared/_sticky_some_bar.html.erb (Duration: 0.0ms | Allocations: 8)
  Rendered shared/_navbar.html.erb (Duration: 0.0ms | Allocations: 8)
  Rendered shared/_portfolio_cards.html.erb (Duration: 0.0ms | Allocations: 8)
  Rendered shared/_homify.html.erb (Duration: 0.7ms | Allocations: 688)
  Rendered shared/_messagemate.html.erb (Duration: 1.6ms | Allocations: 1715)
  Rendered shared/_findit.html.erb (Duration: 0.7ms | Allocations: 745)
  Rendered shared/_tidder.html.erb (Duration: 1.1ms | Allocations: 1204)
  Rendered shared/_other_projects.html.erb (Duration: 3.7ms | Allocations: 3696)
  Rendered pages/home.html.erb within layouts/application (Duration: 10.6ms | Allocations: 10351)
  Rendered shared/_flashes.html.erb (Duration: 0.0ms | Allocations: 24)
  Rendered layout layouts/application.html.erb (Duration: 19.8ms | Allocations: 20792)
Completed 200 OK in 20ms (Views: 20.1ms | Allocations: 21026)


Started GET "/" for 127.0.0.1 at 2023-03-27 15:32:48 +0200
Processing by PagesController#home as HTML
  Rendering layout layouts/application.html.erb
  Rendering pages/home.html.erb within layouts/application
  Rendered shared/_loading_animation.html.erb (Duration: 1.1ms | Allocations: 974)
  Rendered shared/_sticky_some_bar.html.erb (Duration: 0.0ms | Allocations: 8)
  Rendered shared/_navbar.html.erb (Duration: 0.0ms | Allocations: 8)
  Rendered shared/_portfolio_cards.html.erb (Duration: 0.0ms | Allocations: 8)
  Rendered shared/_homify.html.erb (Duration: 0.7ms | Allocations: 688)
  Rendered shared/_messagemate.html.erb (Duration: 1.2ms | Allocations: 1709)
  Rendered shared/_findit.html.erb (Duration: 0.5ms | Allocations: 745)
  Rendered shared/_tidder.html.erb (Duration: 0.8ms | Allocations: 1201)
  Rendered shared/_other_projects.html.erb (Duration: 2.9ms | Allocations: 3678)
  Rendered pages/home.html.erb within layouts/application (Duration: 8.7ms | Allocations: 10316)
  Rendered shared/_flashes.html.erb (Duration: 0.0ms | Allocations: 24)
  Rendered layout layouts/application.html.erb (Duration: 3456.1ms | Allocations: 95255)
Completed 200 OK in 3457ms (Views: 3456.4ms | Allocations: 95488)


Started GET "/" for 127.0.0.1 at 2023-03-27 15:52:06 +0200
Processing by PagesController#home as HTML
  Rendering layout layouts/application.html.erb
  Rendering pages/home.html.erb within layouts/application
  Rendered shared/_loading_animation.html.erb (Duration: 0.9ms | Allocations: 978)
  Rendered shared/_sticky_some_bar.html.erb (Duration: 0.0ms | Allocations: 8)
  Rendered shared/_navbar.html.erb (Duration: 0.0ms | Allocations: 8)
  Rendered shared/_portfolio_cards.html.erb (Duration: 0.0ms | Allocations: 8)
  Rendered shared/_homify.html.erb (Duration: 0.5ms | Allocations: 688)
  Rendered shared/_messagemate.html.erb (Duration: 1.1ms | Allocations: 1715)
  Rendered shared/_findit.html.erb (Duration: 0.5ms | Allocations: 745)
  Rendered shared/_tidder.html.erb (Duration: 0.8ms | Allocations: 1204)
  Rendered shared/_other_projects.html.erb (Duration: 2.6ms | Allocations: 3696)
  Rendered pages/home.html.erb within layouts/application (Duration: 7.7ms | Allocations: 10351)
  Rendered layout layouts/application.html.erb (Duration: 539.7ms | Allocations: 46451)
Completed 500 Internal Server Error in 540ms (Allocations: 46707)


  
ActionView::Template::Error (Error: File to import not found or unreadable: avatar.
        on line 4:1 of app/assets/stylesheets/components/_index.scss
        from line 11:1 of app/assets/stylesheets/application.scss
>> @import "avatar";

   ^
):
     8:     <%= csrf_meta_tags %>
     9:     <%= csp_meta_tag %>
    10: 
    11:     <%= stylesheet_link_tag "application", "data-turbo-track": "reload" %>
    12:     <%= stylesheet_link_tag "https://cdn.jsdelivr.net/npm/pushbar.js@1.0.0/src/pushbar.min.css" %>
    13:     <%= javascript_include_tag "application", "data-turbo-track": "reload", defer: true %>
    14:     <%= javascript_include_tag "https://cdn.jsdelivr.net/npm/pushbar.js@1.0.0/src/pushbar.min.js" %>
  
app/assets/stylesheets/components/_index.scss:4
app/views/layouts/application.html.erb:11
Started GET "/" for 127.0.0.1 at 2023-03-27 15:52:29 +0200
Processing by PagesController#home as HTML
  Rendering layout layouts/application.html.erb
  Rendering pages/home.html.erb within layouts/application
  Rendered shared/_loading_animation.html.erb (Duration: 1.6ms | Allocations: 1088)
  Rendered shared/_sticky_some_bar.html.erb (Duration: 0.0ms | Allocations: 8)
  Rendered shared/_navbar.html.erb (Duration: 0.0ms | Allocations: 8)
  Rendered shared/_portfolio_cards.html.erb (Duration: 0.0ms | Allocations: 8)
  Rendered shared/_homify.html.erb (Duration: 0.5ms | Allocations: 692)
  Rendered shared/_messagemate.html.erb (Duration: 1.6ms | Allocations: 1715)
  Rendered shared/_findit.html.erb (Duration: 0.8ms | Allocations: 745)
  Rendered shared/_tidder.html.erb (Duration: 0.9ms | Allocations: 1204)
  Rendered shared/_other_projects.html.erb (Duration: 3.3ms | Allocations: 3709)
  Rendered pages/home.html.erb within layouts/application (Duration: 10.3ms | Allocations: 10480)
  Rendered shared/_flashes.html.erb (Duration: 0.1ms | Allocations: 30)
  Rendered layout layouts/application.html.erb (Duration: 3413.2ms | Allocations: 95534)
Completed 200 OK in 3414ms (Views: 3413.5ms | Allocations: 95803)


Started GET "/" for 127.0.0.1 at 2023-03-27 15:54:03 +0200
Processing by PagesController#home as HTML
  Rendering layout layouts/application.html.erb
  Rendering pages/home.html.erb within layouts/application
  Rendered shared/_loading_animation.html.erb (Duration: 1.1ms | Allocations: 978)
  Rendered shared/_sticky_some_bar.html.erb (Duration: 0.0ms | Allocations: 8)
  Rendered shared/_navbar.html.erb (Duration: 0.0ms | Allocations: 8)
  Rendered shared/_portfolio_cards.html.erb (Duration: 0.0ms | Allocations: 8)
  Rendered shared/_homify.html.erb (Duration: 0.8ms | Allocations: 688)
  Rendered shared/_messagemate.html.erb (Duration: 1.7ms | Allocations: 1715)
  Rendered shared/_findit.html.erb (Duration: 0.7ms | Allocations: 745)
  Rendered shared/_tidder.html.erb (Duration: 1.1ms | Allocations: 1204)
  Rendered shared/_other_projects.html.erb (Duration: 4.1ms | Allocations: 3696)
  Rendered pages/home.html.erb within layouts/application (Duration: 11.4ms | Allocations: 10351)
  Rendered shared/_flashes.html.erb (Duration: 0.0ms | Allocations: 24)
  Rendered layout layouts/application.html.erb (Duration: 3357.7ms | Allocations: 95346)
Completed 200 OK in 3358ms (Views: 3358.0ms | Allocations: 95579)


Started GET "/" for 127.0.0.1 at 2023-03-27 15:54:26 +0200
Processing by PagesController#home as HTML
  Rendering layout layouts/application.html.erb
  Rendering pages/home.html.erb within layouts/application
  Rendered shared/_loading_animation.html.erb (Duration: 1.1ms | Allocations: 978)
  Rendered shared/_sticky_some_bar.html.erb (Duration: 0.0ms | Allocations: 8)
  Rendered shared/_navbar.html.erb (Duration: 0.0ms | Allocations: 8)
  Rendered shared/_portfolio_cards.html.erb (Duration: 0.0ms | Allocations: 8)
  Rendered shared/_homify.html.erb (Duration: 0.7ms | Allocations: 688)
  Rendered shared/_messagemate.html.erb (Duration: 1.6ms | Allocations: 1715)
  Rendered shared/_findit.html.erb (Duration: 0.7ms | Allocations: 745)
  Rendered shared/_tidder.html.erb (Duration: 1.3ms | Allocations: 1204)
  Rendered shared/_other_projects.html.erb (Duration: 3.9ms | Allocations: 3696)
  Rendered pages/home.html.erb within layouts/application (Duration: 11.0ms | Allocations: 10351)
  Rendered shared/_flashes.html.erb (Duration: 0.0ms | Allocations: 24)
  Rendered layout layouts/application.html.erb (Duration: 3419.7ms | Allocations: 95257)
Completed 200 OK in 3420ms (Views: 3420.0ms | Allocations: 95491)


Started GET "/" for 127.0.0.1 at 2023-03-27 15:54:40 +0200
Processing by PagesController#home as HTML
  Rendering layout layouts/application.html.erb
  Rendering pages/home.html.erb within layouts/application
  Rendered shared/_loading_animation.html.erb (Duration: 0.6ms | Allocations: 978)
  Rendered shared/_sticky_some_bar.html.erb (Duration: 0.0ms | Allocations: 8)
  Rendered shared/_navbar.html.erb (Duration: 0.0ms | Allocations: 8)
  Rendered shared/_portfolio_cards.html.erb (Duration: 0.0ms | Allocations: 8)
  Rendered shared/_homify.html.erb (Duration: 0.5ms | Allocations: 688)
  Rendered shared/_messagemate.html.erb (Duration: 1.1ms | Allocations: 1715)
  Rendered shared/_findit.html.erb (Duration: 0.6ms | Allocations: 745)
  Rendered shared/_tidder.html.erb (Duration: 0.6ms | Allocations: 1204)
  Rendered shared/_other_projects.html.erb (Duration: 2.2ms | Allocations: 3696)
  Rendered pages/home.html.erb within layouts/application (Duration: 6.5ms | Allocations: 10351)
  Rendered shared/_flashes.html.erb (Duration: 0.0ms | Allocations: 24)
  Rendered layout layouts/application.html.erb (Duration: 3391.5ms | Allocations: 95228)
Completed 200 OK in 3392ms (Views: 3391.7ms | Allocations: 95461)


Started GET "/" for 127.0.0.1 at 2023-03-27 15:56:12 +0200
Processing by PagesController#home as HTML
  Rendering layout layouts/application.html.erb
  Rendering pages/home.html.erb within layouts/application
  Rendered shared/_loading_animation.html.erb (Duration: 0.6ms | Allocations: 978)
  Rendered shared/_sticky_some_bar.html.erb (Duration: 0.0ms | Allocations: 8)
  Rendered shared/_navbar.html.erb (Duration: 0.0ms | Allocations: 8)
  Rendered shared/_portfolio_cards.html.erb (Duration: 0.0ms | Allocations: 8)
  Rendered shared/_homify.html.erb (Duration: 0.4ms | Allocations: 688)
  Rendered shared/_messagemate.html.erb (Duration: 1.0ms | Allocations: 1715)
  Rendered shared/_findit.html.erb (Duration: 0.3ms | Allocations: 745)
  Rendered shared/_tidder.html.erb (Duration: 0.5ms | Allocations: 1204)
  Rendered shared/_other_projects.html.erb (Duration: 1.7ms | Allocations: 3696)
  Rendered pages/home.html.erb within layouts/application (Duration: 5.4ms | Allocations: 10351)
  Rendered shared/_flashes.html.erb (Duration: 0.0ms | Allocations: 24)
  Rendered layout layouts/application.html.erb (Duration: 3272.6ms | Allocations: 95242)
Completed 200 OK in 3273ms (Views: 3272.8ms | Allocations: 95476)


Started GET "/" for 127.0.0.1 at 2023-03-27 15:56:47 +0200
Processing by PagesController#home as HTML
  Rendering layout layouts/application.html.erb
  Rendering pages/home.html.erb within layouts/application
  Rendered shared/_loading_animation.html.erb (Duration: 1.1ms | Allocations: 979)
  Rendered shared/_sticky_some_bar.html.erb (Duration: 0.0ms | Allocations: 8)
  Rendered shared/_navbar.html.erb (Duration: 0.0ms | Allocations: 8)
  Rendered shared/_portfolio_cards.html.erb (Duration: 0.0ms | Allocations: 8)
  Rendered shared/_homify.html.erb (Duration: 0.8ms | Allocations: 688)
  Rendered shared/_messagemate.html.erb (Duration: 1.6ms | Allocations: 1715)
  Rendered shared/_findit.html.erb (Duration: 0.9ms | Allocations: 745)
  Rendered shared/_tidder.html.erb (Duration: 1.1ms | Allocations: 1204)
  Rendered shared/_other_projects.html.erb (Duration: 4.6ms | Allocations: 3696)
  Rendered pages/home.html.erb within layouts/application (Duration: 11.7ms | Allocations: 10352)
  Rendered shared/_flashes.html.erb (Duration: 0.0ms | Allocations: 24)
  Rendered layout layouts/application.html.erb (Duration: 3323.0ms | Allocations: 95258)
Completed 200 OK in 3324ms (Views: 3323.4ms | Allocations: 95492)


Started GET "/" for 127.0.0.1 at 2023-03-27 15:58:29 +0200
Processing by PagesController#home as HTML
  Rendering layout layouts/application.html.erb
  Rendering pages/home.html.erb within layouts/application
  Rendered shared/_loading_animation.html.erb (Duration: 1.1ms | Allocations: 978)
  Rendered shared/_sticky_some_bar.html.erb (Duration: 0.0ms | Allocations: 8)
  Rendered shared/_navbar.html.erb (Duration: 0.0ms | Allocations: 8)
  Rendered shared/_portfolio_cards.html.erb (Duration: 0.0ms | Allocations: 8)
  Rendered shared/_homify.html.erb (Duration: 0.7ms | Allocations: 688)
  Rendered shared/_messagemate.html.erb (Duration: 1.6ms | Allocations: 1715)
  Rendered shared/_findit.html.erb (Duration: 0.7ms | Allocations: 745)
  Rendered shared/_tidder.html.erb (Duration: 1.1ms | Allocations: 1204)
  Rendered shared/_other_projects.html.erb (Duration: 3.5ms | Allocations: 3696)
  Rendered pages/home.html.erb within layouts/application (Duration: 10.3ms | Allocations: 10351)
  Rendered shared/_flashes.html.erb (Duration: 0.0ms | Allocations: 24)
  Rendered layout layouts/application.html.erb (Duration: 3359.2ms | Allocations: 95299)
Completed 200 OK in 3360ms (Views: 3359.5ms | Allocations: 95533)


Started GET "/" for 127.0.0.1 at 2023-03-27 15:59:49 +0200
Processing by PagesController#home as HTML
  Rendering layout layouts/application.html.erb
  Rendering pages/home.html.erb within layouts/application
  Rendered shared/_loading_animation.html.erb (Duration: 1.1ms | Allocations: 978)
  Rendered shared/_sticky_some_bar.html.erb (Duration: 0.0ms | Allocations: 8)
  Rendered shared/_navbar.html.erb (Duration: 0.0ms | Allocations: 8)
  Rendered shared/_portfolio_cards.html.erb (Duration: 0.0ms | Allocations: 8)
  Rendered shared/_homify.html.erb (Duration: 0.8ms | Allocations: 688)
  Rendered shared/_messagemate.html.erb (Duration: 1.8ms | Allocations: 1715)
  Rendered shared/_findit.html.erb (Duration: 1.0ms | Allocations: 745)
  Rendered shared/_tidder.html.erb (Duration: 1.1ms | Allocations: 1204)
  Rendered shared/_other_projects.html.erb (Duration: 3.1ms | Allocations: 3696)
  Rendered pages/home.html.erb within layouts/application (Duration: 10.7ms | Allocations: 10351)
  Rendered shared/_flashes.html.erb (Duration: 0.0ms | Allocations: 24)
  Rendered layout layouts/application.html.erb (Duration: 3389.9ms | Allocations: 95263)
Completed 200 OK in 3390ms (Views: 3390.3ms | Allocations: 95497)


Started GET "/" for 127.0.0.1 at 2023-03-27 16:02:10 +0200
Processing by PagesController#home as HTML
  Rendering layout layouts/application.html.erb
  Rendering pages/home.html.erb within layouts/application
  Rendered shared/_loading_animation.html.erb (Duration: 1.1ms | Allocations: 978)
  Rendered shared/_sticky_some_bar.html.erb (Duration: 0.0ms | Allocations: 8)
  Rendered shared/_navbar.html.erb (Duration: 0.0ms | Allocations: 8)
  Rendered shared/_portfolio_cards.html.erb (Duration: 0.0ms | Allocations: 8)
  Rendered shared/_homify.html.erb (Duration: 0.9ms | Allocations: 688)
  Rendered shared/_messagemate.html.erb (Duration: 1.7ms | Allocations: 1715)
  Rendered shared/_findit.html.erb (Duration: 0.8ms | Allocations: 745)
  Rendered shared/_tidder.html.erb (Duration: 1.1ms | Allocations: 1204)
  Rendered shared/_other_projects.html.erb (Duration: 3.8ms | Allocations: 3696)
  Rendered pages/home.html.erb within layouts/application (Duration: 11.3ms | Allocations: 10351)
  Rendered shared/_flashes.html.erb (Duration: 0.0ms | Allocations: 24)
  Rendered layout layouts/application.html.erb (Duration: 3388.5ms | Allocations: 95310)
Completed 200 OK in 3389ms (Views: 3388.8ms | Allocations: 95544)


Started GET "/" for 127.0.0.1 at 2023-03-27 16:02:31 +0200
Processing by PagesController#home as HTML
  Rendering layout layouts/application.html.erb
  Rendering pages/home.html.erb within layouts/application
  Rendered shared/_loading_animation.html.erb (Duration: 1.1ms | Allocations: 978)
  Rendered shared/_sticky_some_bar.html.erb (Duration: 0.0ms | Allocations: 8)
  Rendered shared/_navbar.html.erb (Duration: 0.0ms | Allocations: 8)
  Rendered shared/_portfolio_cards.html.erb (Duration: 0.0ms | Allocations: 8)
  Rendered shared/_homify.html.erb (Duration: 0.7ms | Allocations: 688)
  Rendered shared/_messagemate.html.erb (Duration: 1.7ms | Allocations: 1715)
  Rendered shared/_findit.html.erb (Duration: 0.7ms | Allocations: 745)
  Rendered shared/_tidder.html.erb (Duration: 1.2ms | Allocations: 1204)
  Rendered shared/_other_projects.html.erb (Duration: 3.5ms | Allocations: 3696)
  Rendered pages/home.html.erb within layouts/application (Duration: 10.7ms | Allocations: 10351)
  Rendered shared/_flashes.html.erb (Duration: 0.0ms | Allocations: 24)
  Rendered layout layouts/application.html.erb (Duration: 3386.8ms | Allocations: 95255)
Completed 200 OK in 3387ms (Views: 3387.2ms | Allocations: 95489)


Started GET "/" for 127.0.0.1 at 2023-03-27 16:17:11 +0200
Processing by PagesController#home as HTML
  Rendering layout layouts/application.html.erb
  Rendering pages/home.html.erb within layouts/application
  Rendered shared/_loading_animation.html.erb (Duration: 0.9ms | Allocations: 978)
  Rendered shared/_sticky_some_bar.html.erb (Duration: 0.0ms | Allocations: 8)
  Rendered shared/_navbar.html.erb (Duration: 0.0ms | Allocations: 8)
  Rendered shared/_portfolio_cards.html.erb (Duration: 0.0ms | Allocations: 8)
  Rendered shared/_homify.html.erb (Duration: 0.6ms | Allocations: 688)
  Rendered shared/_messagemate.html.erb (Duration: 1.5ms | Allocations: 1715)
  Rendered shared/_findit.html.erb (Duration: 0.7ms | Allocations: 745)
  Rendered shared/_tidder.html.erb (Duration: 0.9ms | Allocations: 1204)
  Rendered shared/_other_projects.html.erb (Duration: 2.6ms | Allocations: 3696)
  Rendered pages/home.html.erb within layouts/application (Duration: 8.5ms | Allocations: 10351)
  Rendered shared/_flashes.html.erb (Duration: 0.1ms | Allocations: 24)
  Rendered layout layouts/application.html.erb (Duration: 3388.1ms | Allocations: 95251)
Completed 200 OK in 3389ms (Views: 3388.4ms | Allocations: 95485)


Started GET "/" for 127.0.0.1 at 2023-03-27 16:17:52 +0200
Processing by PagesController#home as HTML
  Rendering layout layouts/application.html.erb
  Rendering pages/home.html.erb within layouts/application
  Rendered shared/_loading_animation.html.erb (Duration: 0.9ms | Allocations: 978)
  Rendered shared/_sticky_some_bar.html.erb (Duration: 0.0ms | Allocations: 8)
  Rendered shared/_navbar.html.erb (Duration: 0.0ms | Allocations: 8)
  Rendered shared/_portfolio_cards.html.erb (Duration: 0.0ms | Allocations: 8)
  Rendered shared/_homify.html.erb (Duration: 0.6ms | Allocations: 688)
  Rendered shared/_messagemate.html.erb (Duration: 1.2ms | Allocations: 1715)
  Rendered shared/_findit.html.erb (Duration: 0.7ms | Allocations: 745)
  Rendered shared/_tidder.html.erb (Duration: 0.8ms | Allocations: 1204)
  Rendered shared/_other_projects.html.erb (Duration: 2.9ms | Allocations: 3696)
  Rendered pages/home.html.erb within layouts/application (Duration: 8.3ms | Allocations: 10351)
  Rendered shared/_flashes.html.erb (Duration: 0.0ms | Allocations: 24)
  Rendered layout layouts/application.html.erb (Duration: 3479.4ms | Allocations: 95268)
Completed 200 OK in 3480ms (Views: 3479.7ms | Allocations: 95502)


Started GET "/" for 127.0.0.1 at 2023-03-27 16:18:12 +0200
Processing by PagesController#home as HTML
  Rendering layout layouts/application.html.erb
  Rendering pages/home.html.erb within layouts/application
  Rendered shared/_loading_animation.html.erb (Duration: 1.2ms | Allocations: 978)
  Rendered shared/_sticky_some_bar.html.erb (Duration: 0.0ms | Allocations: 8)
  Rendered shared/_navbar.html.erb (Duration: 0.0ms | Allocations: 8)
  Rendered shared/_portfolio_cards.html.erb (Duration: 0.0ms | Allocations: 8)
  Rendered shared/_homify.html.erb (Duration: 0.7ms | Allocations: 688)
  Rendered shared/_messagemate.html.erb (Duration: 1.6ms | Allocations: 1715)
  Rendered shared/_findit.html.erb (Duration: 0.7ms | Allocations: 745)
  Rendered shared/_tidder.html.erb (Duration: 1.1ms | Allocations: 1204)
  Rendered shared/_other_projects.html.erb (Duration: 3.5ms | Allocations: 3696)
  Rendered pages/home.html.erb within layouts/application (Duration: 10.6ms | Allocations: 10351)
  Rendered shared/_flashes.html.erb (Duration: 0.1ms | Allocations: 24)
  Rendered layout layouts/application.html.erb (Duration: 3451.8ms | Allocations: 95262)
Completed 200 OK in 3452ms (Views: 3452.3ms | Allocations: 95496)


Started GET "/" for 127.0.0.1 at 2023-03-27 16:19:19 +0200
Processing by PagesController#home as HTML
  Rendering layout layouts/application.html.erb
  Rendering pages/home.html.erb within layouts/application
  Rendered shared/_loading_animation.html.erb (Duration: 0.9ms | Allocations: 978)
  Rendered shared/_sticky_some_bar.html.erb (Duration: 0.0ms | Allocations: 8)
  Rendered shared/_navbar.html.erb (Duration: 0.0ms | Allocations: 8)
  Rendered shared/_portfolio_cards.html.erb (Duration: 0.0ms | Allocations: 8)
  Rendered shared/_homify.html.erb (Duration: 0.7ms | Allocations: 688)
  Rendered shared/_messagemate.html.erb (Duration: 1.4ms | Allocations: 1715)
  Rendered shared/_findit.html.erb (Duration: 0.5ms | Allocations: 745)
  Rendered shared/_tidder.html.erb (Duration: 1.0ms | Allocations: 1204)
  Rendered shared/_other_projects.html.erb (Duration: 2.9ms | Allocations: 3696)
  Rendered pages/home.html.erb within layouts/application (Duration: 9.0ms | Allocations: 10351)
  Rendered shared/_flashes.html.erb (Duration: 0.0ms | Allocations: 24)
  Rendered layout layouts/application.html.erb (Duration: 3267.8ms | Allocations: 95251)
Completed 200 OK in 3268ms (Views: 3268.0ms | Allocations: 95485)


Started GET "/" for 127.0.0.1 at 2023-03-27 16:19:40 +0200
Processing by PagesController#home as HTML
  Rendering layout layouts/application.html.erb
  Rendering pages/home.html.erb within layouts/application
  Rendered shared/_loading_animation.html.erb (Duration: 1.6ms | Allocations: 978)
  Rendered shared/_sticky_some_bar.html.erb (Duration: 0.0ms | Allocations: 8)
  Rendered shared/_navbar.html.erb (Duration: 0.0ms | Allocations: 8)
  Rendered shared/_portfolio_cards.html.erb (Duration: 0.0ms | Allocations: 8)
  Rendered shared/_homify.html.erb (Duration: 1.3ms | Allocations: 688)
  Rendered shared/_messagemate.html.erb (Duration: 1.5ms | Allocations: 1715)
  Rendered shared/_findit.html.erb (Duration: 0.7ms | Allocations: 745)
  Rendered shared/_tidder.html.erb (Duration: 0.7ms | Allocations: 1204)
  Rendered shared/_other_projects.html.erb (Duration: 2.8ms | Allocations: 3696)
  Rendered pages/home.html.erb within layouts/application (Duration: 10.3ms | Allocations: 10351)
  Rendered shared/_flashes.html.erb (Duration: 0.0ms | Allocations: 24)
  Rendered layout layouts/application.html.erb (Duration: 3445.7ms | Allocations: 95261)
Completed 200 OK in 3446ms (Views: 3446.0ms | Allocations: 95494)


Started GET "/" for 127.0.0.1 at 2023-03-27 16:26:51 +0200
Processing by PagesController#home as HTML
  Rendering layout layouts/application.html.erb
  Rendering pages/home.html.erb within layouts/application
  Rendered shared/_loading_animation.html.erb (Duration: 0.9ms | Allocations: 978)
  Rendered shared/_sticky_some_bar.html.erb (Duration: 0.0ms | Allocations: 8)
  Rendered shared/_navbar.html.erb (Duration: 0.0ms | Allocations: 8)
  Rendered shared/_portfolio_cards.html.erb (Duration: 0.0ms | Allocations: 8)
  Rendered shared/_homify.html.erb (Duration: 0.5ms | Allocations: 688)
  Rendered shared/_messagemate.html.erb (Duration: 1.2ms | Allocations: 1715)
  Rendered shared/_findit.html.erb (Duration: 0.5ms | Allocations: 745)
  Rendered shared/_tidder.html.erb (Duration: 0.9ms | Allocations: 1204)
  Rendered shared/_other_projects.html.erb (Duration: 3.4ms | Allocations: 3693)
  Rendered pages/home.html.erb within layouts/application (Duration: 9.0ms | Allocations: 10344)
  Rendered shared/_flashes.html.erb (Duration: 0.0ms | Allocations: 24)
  Rendered layout layouts/application.html.erb (Duration: 3391.8ms | Allocations: 95281)
Completed 200 OK in 3392ms (Views: 3392.0ms | Allocations: 95515)


Started GET "/" for 127.0.0.1 at 2023-03-27 16:29:13 +0200
Processing by PagesController#home as HTML
  Rendering layout layouts/application.html.erb
  Rendering pages/home.html.erb within layouts/application
  Rendered shared/_loading_animation.html.erb (Duration: 0.6ms | Allocations: 978)
  Rendered shared/_sticky_some_bar.html.erb (Duration: 0.0ms | Allocations: 8)
  Rendered shared/_navbar.html.erb (Duration: 0.1ms | Allocations: 8)
  Rendered shared/_portfolio_cards.html.erb (Duration: 0.0ms | Allocations: 8)
  Rendered shared/_homify.html.erb (Duration: 0.3ms | Allocations: 688)
  Rendered shared/_messagemate.html.erb (Duration: 1.0ms | Allocations: 1715)
  Rendered shared/_findit.html.erb (Duration: 0.3ms | Allocations: 745)
  Rendered shared/_tidder.html.erb (Duration: 0.6ms | Allocations: 1204)
  Rendered shared/_other_projects.html.erb (Duration: 1.8ms | Allocations: 3696)
  Rendered pages/home.html.erb within layouts/application (Duration: 5.8ms | Allocations: 10351)
  Rendered shared/_flashes.html.erb (Duration: 0.0ms | Allocations: 24)
  Rendered layout layouts/application.html.erb (Duration: 3370.8ms | Allocations: 95253)
Completed 200 OK in 3371ms (Views: 3371.0ms | Allocations: 95486)


Started GET "/" for 127.0.0.1 at 2023-03-27 16:29:45 +0200
Processing by PagesController#home as HTML
  Rendering layout layouts/application.html.erb
  Rendering pages/home.html.erb within layouts/application
  Rendered shared/_loading_animation.html.erb (Duration: 0.9ms | Allocations: 978)
  Rendered shared/_sticky_some_bar.html.erb (Duration: 0.0ms | Allocations: 8)
  Rendered shared/_navbar.html.erb (Duration: 0.0ms | Allocations: 8)
  Rendered shared/_portfolio_cards.html.erb (Duration: 0.0ms | Allocations: 8)
  Rendered shared/_homify.html.erb (Duration: 0.6ms | Allocations: 688)
  Rendered shared/_messagemate.html.erb (Duration: 1.2ms | Allocations: 1715)
  Rendered shared/_findit.html.erb (Duration: 0.5ms | Allocations: 745)
  Rendered shared/_tidder.html.erb (Duration: 0.8ms | Allocations: 1204)
  Rendered shared/_other_projects.html.erb (Duration: 2.3ms | Allocations: 3693)
  Rendered pages/home.html.erb within layouts/application (Duration: 7.6ms | Allocations: 10344)
  Rendered shared/_flashes.html.erb (Duration: 0.0ms | Allocations: 24)
  Rendered layout layouts/application.html.erb (Duration: 14.8ms | Allocations: 20829)
Completed 200 OK in 15ms (Views: 15.1ms | Allocations: 21062)


Started GET "/" for 127.0.0.1 at 2023-03-27 16:29:56 +0200
Processing by PagesController#home as HTML
  Rendering layout layouts/application.html.erb
  Rendering pages/home.html.erb within layouts/application
  Rendered shared/_loading_animation.html.erb (Duration: 1.1ms | Allocations: 974)
  Rendered shared/_sticky_some_bar.html.erb (Duration: 0.0ms | Allocations: 8)
  Rendered shared/_navbar.html.erb (Duration: 0.0ms | Allocations: 8)
  Rendered shared/_portfolio_cards.html.erb (Duration: 0.0ms | Allocations: 8)
  Rendered shared/_homify.html.erb (Duration: 0.7ms | Allocations: 688)
  Rendered shared/_messagemate.html.erb (Duration: 2.3ms | Allocations: 1709)
  Rendered shared/_findit.html.erb (Duration: 0.7ms | Allocations: 745)
  Rendered shared/_tidder.html.erb (Duration: 1.1ms | Allocations: 1201)
  Rendered shared/_other_projects.html.erb (Duration: 3.4ms | Allocations: 3678)
  Rendered pages/home.html.erb within layouts/application (Duration: 11.1ms | Allocations: 10316)
  Rendered shared/_flashes.html.erb (Duration: 0.0ms | Allocations: 24)
  Rendered layout layouts/application.html.erb (Duration: 3408.7ms | Allocations: 95221)
Completed 200 OK in 3409ms (Views: 3409.0ms | Allocations: 95454)


Started GET "/" for 127.0.0.1 at 2023-03-27 16:30:01 +0200
Processing by PagesController#home as HTML
  Rendering layout layouts/application.html.erb
  Rendering pages/home.html.erb within layouts/application
  Rendered shared/_loading_animation.html.erb (Duration: 1.2ms | Allocations: 978)
  Rendered shared/_sticky_some_bar.html.erb (Duration: 0.0ms | Allocations: 8)
  Rendered shared/_navbar.html.erb (Duration: 0.0ms | Allocations: 8)
  Rendered shared/_portfolio_cards.html.erb (Duration: 0.0ms | Allocations: 8)
  Rendered shared/_homify.html.erb (Duration: 0.7ms | Allocations: 688)
  Rendered shared/_messagemate.html.erb (Duration: 1.6ms | Allocations: 1715)
  Rendered shared/_findit.html.erb (Duration: 0.7ms | Allocations: 745)
  Rendered shared/_tidder.html.erb (Duration: 1.1ms | Allocations: 1204)
  Rendered shared/_other_projects.html.erb (Duration: 3.5ms | Allocations: 3696)
  Rendered pages/home.html.erb within layouts/application (Duration: 10.5ms | Allocations: 10351)
  Rendered shared/_flashes.html.erb (Duration: 0.0ms | Allocations: 24)
  Rendered layout layouts/application.html.erb (Duration: 19.8ms | Allocations: 21122)
Completed 200 OK in 20ms (Views: 20.2ms | Allocations: 21355)


Started GET "/" for 127.0.0.1 at 2023-03-27 16:48:29 +0200
Processing by PagesController#home as HTML
  Rendering layout layouts/application.html.erb
  Rendering pages/home.html.erb within layouts/application
  Rendered shared/_loading_animation.html.erb (Duration: 0.9ms | Allocations: 974)
  Rendered shared/_sticky_some_bar.html.erb (Duration: 0.0ms | Allocations: 8)
  Rendered shared/_navbar.html.erb (Duration: 0.0ms | Allocations: 8)
  Rendered shared/_portfolio_cards.html.erb (Duration: 0.0ms | Allocations: 8)
  Rendered shared/_homify.html.erb (Duration: 0.5ms | Allocations: 688)
  Rendered shared/_messagemate.html.erb (Duration: 1.6ms | Allocations: 1709)
  Rendered shared/_findit.html.erb (Duration: 0.7ms | Allocations: 745)
  Rendered shared/_tidder.html.erb (Duration: 1.1ms | Allocations: 1201)
  Rendered shared/_other_projects.html.erb (Duration: 3.5ms | Allocations: 3678)
  Rendered pages/home.html.erb within layouts/application (Duration: 9.7ms | Allocations: 10316)
  Rendered shared/_flashes.html.erb (Duration: 0.0ms | Allocations: 24)
  Rendered layout layouts/application.html.erb (Duration: 3362.9ms | Allocations: 95214)
Completed 200 OK in 3363ms (Views: 3363.3ms | Allocations: 95447)


Started GET "/" for 127.0.0.1 at 2023-03-27 16:55:16 +0200
Processing by PagesController#home as HTML
  Rendering layout layouts/application.html.erb
  Rendering pages/home.html.erb within layouts/application
  Rendered shared/_loading_animation.html.erb (Duration: 1.4ms | Allocations: 1238)
  Rendered shared/_sticky_some_bar.html.erb (Duration: 0.3ms | Allocations: 98)
  Rendered shared/_navbar.html.erb (Duration: 0.3ms | Allocations: 244)
  Rendered shared/_portfolio_cards.html.erb (Duration: 0.4ms | Allocations: 416)
  Rendered shared/_homify.html.erb (Duration: 1.0ms | Allocations: 1313)
  Rendered shared/_messagemate.html.erb (Duration: 1.6ms | Allocations: 2256)
  Rendered shared/_findit.html.erb (Duration: 1.1ms | Allocations: 1311)
  Rendered shared/_tidder.html.erb (Duration: 1.7ms | Allocations: 1605)
  Rendered shared/_other_projects.html.erb (Duration: 3.7ms | Allocations: 4573)
  Rendered pages/home.html.erb within layouts/application (Duration: 14.4ms | Allocations: 15311)
  Rendered shared/_flashes.html.erb (Duration: 0.3ms | Allocations: 190)
  Rendered layout layouts/application.html.erb (Duration: 22.1ms | Allocations: 26366)
Completed 200 OK in 24ms (Views: 23.1ms | Allocations: 27124)


Started GET "/" for 127.0.0.1 at 2023-03-27 16:56:31 +0200
Processing by PagesController#home as HTML
  Rendering layout layouts/application.html.erb
  Rendering pages/home.html.erb within layouts/application
  Rendered shared/_loading_animation.html.erb (Duration: 1.3ms | Allocations: 1234)
  Rendered shared/_sticky_some_bar.html.erb (Duration: 0.2ms | Allocations: 98)
  Rendered shared/_navbar.html.erb (Duration: 0.3ms | Allocations: 244)
  Rendered shared/_portfolio_cards.html.erb (Duration: 0.4ms | Allocations: 416)
  Rendered shared/_homify.html.erb (Duration: 1.4ms | Allocations: 1313)
  Rendered shared/_messagemate.html.erb (Duration: 2.0ms | Allocations: 2250)
  Rendered shared/_findit.html.erb (Duration: 1.3ms | Allocations: 1311)
  Rendered shared/_tidder.html.erb (Duration: 1.7ms | Allocations: 1602)
  Rendered shared/_other_projects.html.erb (Duration: 3.5ms | Allocations: 4555)
  Rendered pages/home.html.erb within layouts/application (Duration: 15.0ms | Allocations: 15290)
  Rendered shared/_flashes.html.erb (Duration: 0.2ms | Allocations: 190)
  Rendered layout layouts/application.html.erb (Duration: 24.6ms | Allocations: 26342)
Completed 200 OK in 26ms (Views: 25.4ms | Allocations: 27122)


Started GET "/" for 127.0.0.1 at 2023-03-27 16:56:46 +0200
Processing by PagesController#home as HTML
  Rendering layout layouts/application.html.erb
  Rendering pages/home.html.erb within layouts/application
  Rendered shared/_loading_animation.html.erb (Duration: 0.7ms | Allocations: 1234)
  Rendered shared/_sticky_some_bar.html.erb (Duration: 0.1ms | Allocations: 98)
  Rendered shared/_navbar.html.erb (Duration: 0.1ms | Allocations: 244)
  Rendered shared/_portfolio_cards.html.erb (Duration: 0.2ms | Allocations: 416)
  Rendered shared/_homify.html.erb (Duration: 0.7ms | Allocations: 1313)
  Rendered shared/_messagemate.html.erb (Duration: 1.1ms | Allocations: 2250)
  Rendered shared/_findit.html.erb (Duration: 0.6ms | Allocations: 1311)
  Rendered shared/_tidder.html.erb (Duration: 0.9ms | Allocations: 1602)
  Rendered shared/_other_projects.html.erb (Duration: 2.2ms | Allocations: 4556)
  Rendered pages/home.html.erb within layouts/application (Duration: 8.4ms | Allocations: 15271)
  Rendered shared/_flashes.html.erb (Duration: 0.1ms | Allocations: 190)
  Rendered layout layouts/application.html.erb (Duration: 13.5ms | Allocations: 26311)
Completed 200 OK in 14ms (Views: 14.1ms | Allocations: 27091)


Started GET "/" for 127.0.0.1 at 2023-03-27 16:57:22 +0200
Processing by PagesController#home as HTML
  Rendering layout layouts/application.html.erb
  Rendering pages/home.html.erb within layouts/application
  Rendered shared/_loading_animation.html.erb (Duration: 0.9ms | Allocations: 1234)
  Rendered shared/_sticky_some_bar.html.erb (Duration: 0.1ms | Allocations: 98)
  Rendered shared/_navbar.html.erb (Duration: 0.3ms | Allocations: 244)
  Rendered shared/_portfolio_cards.html.erb (Duration: 0.6ms | Allocations: 416)
  Rendered shared/_homify.html.erb (Duration: 1.5ms | Allocations: 1313)
  Rendered shared/_messagemate.html.erb (Duration: 1.8ms | Allocations: 2250)
  Rendered shared/_findit.html.erb (Duration: 1.8ms | Allocations: 1311)
  Rendered shared/_tidder.html.erb (Duration: 1.4ms | Allocations: 1602)
  Rendered shared/_other_projects.html.erb (Duration: 3.8ms | Allocations: 4555)
  Rendered pages/home.html.erb within layouts/application (Duration: 15.2ms | Allocations: 15206)
  Rendered shared/_flashes.html.erb (Duration: 0.2ms | Allocations: 190)
  Rendered layout layouts/application.html.erb (Duration: 23.6ms | Allocations: 26252)
Completed 200 OK in 25ms (Views: 24.4ms | Allocations: 27032)


